<?xml version="1.0" encoding="UTF-8"?>
<!-- Generated by org.testng.reporters.JUnitReportReporter -->
<testsuite hostname="DESKTOP-OB721D6" failures="0" tests="1" name="tests.UserMenuTest" time="20.631" errors="0" timestamp="2023-01-06T08:24:38 PST" skipped="0">
  <testcase classname="tests.UserMenuTest" name="myprofile_tc07" time="20.631"/>
  <system-out/>
</testsuite> <!-- tests.UserMenuTest -->
