<?xml version="1.0" encoding="UTF-8"?>
<!-- Generated by org.testng.reporters.JUnitReportReporter -->
<testsuite hostname="DESKTOP-OB721D6" failures="0" tests="1" name="tests.UserMenuTest" time="42.060" errors="0" timestamp="2023-01-04T20:17:35 PST" skipped="0">
  <testcase classname="tests.UserMenuTest" name="myprofile_tc07" time="42.060"/>
  <system-out/>
</testsuite> <!-- tests.UserMenuTest -->
