<?xml version="1.0" encoding="UTF-8"?>
<!-- Generated by org.testng.reporters.JUnitReportReporter -->
<testsuite hostname="DESKTOP-OB721D6" failures="0" tests="1" name="tests.LoginTest" time="8.489" errors="0" timestamp="2022-12-31T00:37:32 PST" skipped="0">
  <testcase classname="tests.LoginTest" name="forgotPasswordtc_4b" time="8.489"/>
  <system-out/>
</testsuite> <!-- tests.LoginTest -->
